<?xml version="1.0" encoding="UTF-8"?>
<!-- Generated by org.testng.reporters.JUnitXMLReporter -->
<testsuite ignored="0" hostname="DESKTOP-245N5OC" failures="0" tests="7" name="Default test" time="7.281" errors="0" timestamp="2022-11-11T16:45:21 IST">
  <testcase classname="databaseTest.MedicinesDatabeseTest" name="MedicareDataBaseTest" time="5.804"/>
  <testcase classname="databaseTest.MedicinesDatabeseTest" name="test" time="0.028"/>
  <testcase classname="databaseTest.MedicinesDatabeseTest" name="test2" time="0.031"/>
  <testcase classname="databaseTest.MedicinesDatabeseTest" name="test3" time="0.031"/>
  <testcase classname="databaseTest.MedicinesDatabeseTest" name="test4" time="0.007"/>
  <testcase classname="databaseTest.MedicinesDatabeseTest" name="test5" time="0.019"/>
  <testcase classname="databaseTest.MedicinesDatabeseTest" name="test7" time="0.79"/>
</testsuite> <!-- Default test -->
