<?xml version="1.0" encoding="UTF-8"?>
<!-- Generated by org.testng.reporters.JUnitXMLReporter -->
<testsuite ignored="0" hostname="DESKTOP-245N5OC" failures="0" tests="7" name="Default test" time="50.079" errors="0" timestamp="2022-11-12T22:12:44 IST">
  <testcase classname="databaseTest.MedicinesDatabeseTest" name="MedicareDataBaseTest" time="46.771"/>
  <testcase classname="databaseTest.MedicinesDatabeseTest" name="test" time="0.067"/>
  <testcase classname="databaseTest.MedicinesDatabeseTest" name="test2" time="0.086"/>
  <testcase classname="databaseTest.MedicinesDatabeseTest" name="test3" time="0.058"/>
  <testcase classname="databaseTest.MedicinesDatabeseTest" name="test4" time="0.006"/>
  <testcase classname="databaseTest.MedicinesDatabeseTest" name="test5" time="0.025"/>
  <testcase classname="databaseTest.MedicinesDatabeseTest" name="test7" time="1.78"/>
</testsuite> <!-- Default test -->
