<?xml version="1.0" encoding="UTF-8"?>
<!-- Generated by org.testng.reporters.JUnitXMLReporter -->
<testsuite ignored="0" hostname="DESKTOP-245N5OC" failures="0" tests="6" name="Test" time="27.355" errors="0" timestamp="2022-11-12T22:19:34 IST">
  <testcase classname="testCases.UserTest" name="UserTestCases" time="18.326"/>
  <testcase classname="testCases.UserTest" name="valCredTest" time="2.281"/>
  <testcase classname="testCases.AdminTest" name="AdminCredLoginTest" time="20.936"/>
  <testcase classname="testCases.SignUpTest" name="sign_up_testcases" time="23.938"/>
  <testcase classname="testCases.AdminTest" name="AdminProdManag" time="5.946"/>
  <testcase classname="testCases.UserTest" name="UserHomeTest" time="6.674"/>
</testsuite> <!-- Test -->
