<?xml version="1.0" encoding="UTF-8"?>
<!-- Generated by org.testng.reporters.JUnitXMLReporter -->
<testsuite ignored="0" hostname="DESKTOP-245N5OC" failures="0" tests="6" name="Test" time="28.017" errors="0" timestamp="2022-11-11T12:41:13 IST">
  <testcase classname="testCases.UserTest" name="UserTestCases" time="19.051"/>
  <testcase classname="testCases.UserTest" name="valCredTest" time="2.292"/>
  <testcase classname="testCases.AdminTest" name="AdminCredLoginTest" time="23.278"/>
  <testcase classname="testCases.SignUpTest" name="sign_up_testcases" time="23.906"/>
  <testcase classname="testCases.AdminTest" name="AdminProdManag" time="4.32"/>
  <testcase classname="testCases.UserTest" name="UserHomeTest" time="6.59"/>
</testsuite> <!-- Test -->
