<?xml version="1.0" encoding="UTF-8"?>
<testng-results ignored="0" total="7" passed="7" failed="0" skipped="0">
  <reporter-output>
  </reporter-output>
  <suite started-at="2022-11-11T16:45:14 IST" name="Default suite" finished-at="2022-11-11T16:45:21 IST" duration-ms="7281">
    <groups>
    </groups>
    <test started-at="2022-11-11T16:45:14 IST" name="Default test" finished-at="2022-11-11T16:45:21 IST" duration-ms="7281">
      <class name="databaseTest.MedicinesDatabeseTest">
        <test-method signature="MedicareDataBaseTest()[pri:1, instance:databaseTest.MedicinesDatabeseTest@3a44431a]" started-at="2022-11-11T16:45:14 IST" name="MedicareDataBaseTest" finished-at="2022-11-11T16:45:20 IST" duration-ms="5804" status="PASS">
          <reporter-output>
          </reporter-output>
        </test-method> <!-- MedicareDataBaseTest -->
        <test-method signature="test()[pri:2, instance:databaseTest.MedicinesDatabeseTest@3a44431a]" started-at="2022-11-11T16:45:20 IST" name="test" finished-at="2022-11-11T16:45:20 IST" duration-ms="28" status="PASS">
          <reporter-output>
          </reporter-output>
        </test-method> <!-- test -->
        <test-method signature="test2()[pri:3, instance:databaseTest.MedicinesDatabeseTest@3a44431a]" started-at="2022-11-11T16:45:20 IST" name="test2" finished-at="2022-11-11T16:45:20 IST" duration-ms="31" status="PASS">
          <reporter-output>
          </reporter-output>
        </test-method> <!-- test2 -->
        <test-method signature="test3()[pri:4, instance:databaseTest.MedicinesDatabeseTest@3a44431a]" started-at="2022-11-11T16:45:20 IST" name="test3" finished-at="2022-11-11T16:45:20 IST" duration-ms="31" status="PASS">
          <reporter-output>
          </reporter-output>
        </test-method> <!-- test3 -->
        <test-method signature="test4()[pri:5, instance:databaseTest.MedicinesDatabeseTest@3a44431a]" started-at="2022-11-11T16:45:20 IST" name="test4" finished-at="2022-11-11T16:45:20 IST" duration-ms="7" status="PASS">
          <reporter-output>
          </reporter-output>
        </test-method> <!-- test4 -->
        <test-method signature="test5()[pri:6, instance:databaseTest.MedicinesDatabeseTest@3a44431a]" started-at="2022-11-11T16:45:20 IST" name="test5" finished-at="2022-11-11T16:45:20 IST" duration-ms="19" status="PASS">
          <reporter-output>
          </reporter-output>
        </test-method> <!-- test5 -->
        <test-method signature="test7()[pri:7, instance:databaseTest.MedicinesDatabeseTest@3a44431a]" started-at="2022-11-11T16:45:20 IST" name="test7" finished-at="2022-11-11T16:45:21 IST" duration-ms="790" status="PASS">
          <reporter-output>
          </reporter-output>
        </test-method> <!-- test7 -->
        <test-method is-config="true" signature="tearDown()[pri:0, instance:databaseTest.MedicinesDatabeseTest@3a44431a]" started-at="2022-11-11T16:45:21 IST" name="tearDown" finished-at="2022-11-11T16:45:21 IST" duration-ms="514" status="PASS">
          <reporter-output>
          </reporter-output>
        </test-method> <!-- tearDown -->
      </class> <!-- databaseTest.MedicinesDatabeseTest -->
    </test> <!-- Default test -->
  </suite> <!-- Default suite -->
</testng-results>
