<?xml version="1.0" encoding="UTF-8"?>
<testng-results ignored="0" total="6" passed="6" failed="0" skipped="0">
  <reporter-output>
  </reporter-output>
  <suite started-at="2022-11-12T22:19:06 IST" name="Suite" finished-at="2022-11-12T22:19:34 IST" duration-ms="27355">
    <groups>
    </groups>
    <test started-at="2022-11-12T22:19:06 IST" name="Test" finished-at="2022-11-12T22:19:34 IST" duration-ms="27355">
      <class name="testCases.AdminTest">
        <test-method signature="AdminCredLoginTest()[pri:1, instance:testCases.AdminTest@58695725]" started-at="2022-11-12T22:19:07 IST" name="AdminCredLoginTest" finished-at="2022-11-12T22:19:27 IST" duration-ms="20936" status="PASS">
          <reporter-output>
          </reporter-output>
        </test-method> <!-- AdminCredLoginTest -->
        <test-method signature="AdminProdManag()[pri:2, instance:testCases.AdminTest@58695725]" started-at="2022-11-12T22:19:27 IST" name="AdminProdManag" finished-at="2022-11-12T22:19:33 IST" duration-ms="5946" status="PASS">
          <reporter-output>
          </reporter-output>
        </test-method> <!-- AdminProdManag -->
      </class> <!-- testCases.AdminTest -->
      <class name="testCases.UserTest">
        <test-method signature="UserTestCases()[pri:1, instance:testCases.UserTest@618425b5]" started-at="2022-11-12T22:19:07 IST" name="UserTestCases" finished-at="2022-11-12T22:19:25 IST" duration-ms="18326" status="PASS">
          <reporter-output>
          </reporter-output>
        </test-method> <!-- UserTestCases -->
        <test-method signature="valCredTest()[pri:2, instance:testCases.UserTest@618425b5]" started-at="2022-11-12T22:19:25 IST" name="valCredTest" finished-at="2022-11-12T22:19:27 IST" duration-ms="2281" status="PASS">
          <reporter-output>
          </reporter-output>
        </test-method> <!-- valCredTest -->
        <test-method signature="UserHomeTest()[pri:3, instance:testCases.UserTest@618425b5]" started-at="2022-11-12T22:19:27 IST" name="UserHomeTest" finished-at="2022-11-12T22:19:34 IST" duration-ms="6674" status="PASS">
          <reporter-output>
          </reporter-output>
        </test-method> <!-- UserHomeTest -->
      </class> <!-- testCases.UserTest -->
      <class name="testCases.SignUpTest">
        <test-method signature="sign_up_testcases()[pri:0, instance:testCases.SignUpTest@3232a28a]" started-at="2022-11-12T22:19:07 IST" name="sign_up_testcases" finished-at="2022-11-12T22:19:30 IST" duration-ms="23938" status="PASS">
          <reporter-output>
          </reporter-output>
        </test-method> <!-- sign_up_testcases -->
      </class> <!-- testCases.SignUpTest -->
    </test> <!-- Test -->
  </suite> <!-- Suite -->
</testng-results>
